<?xml version="1.0" encoding="UTF-8"?>
<testsuite name="com.postwork_dw_java_f2_m2_e8.repository.CursoRepositoryTest" tests="1" skipped="0" failures="0" errors="0" timestamp="2023-05-01T04:54:31" hostname="edgar-lenovo" time="0.497">
  <properties/>
  <testcase name="Guardar cursos" classname="com.postwork_dw_java_f2_m2_e8.repository.CursoRepositoryTest" time="0.497"/>
  <system-out><![CDATA[23:54:23.339 [Test worker] DEBUG org.springframework.test.context.BootstrapUtils - Instantiating CacheAwareContextLoaderDelegate from class [org.springframework.test.context.cache.DefaultCacheAwareContextLoaderDelegate]
23:54:23.360 [Test worker] DEBUG org.springframework.test.context.BootstrapUtils - Instantiating BootstrapContext using constructor [public org.springframework.test.context.support.DefaultBootstrapContext(java.lang.Class,org.springframework.test.context.CacheAwareContextLoaderDelegate)]
23:54:23.394 [Test worker] DEBUG org.springframework.test.context.BootstrapUtils - Instantiating TestContextBootstrapper for test class [com.postwork_dw_java_f2_m2_e8.repository.CursoRepositoryTest] from class [org.springframework.boot.test.context.SpringBootTestContextBootstrapper]
23:54:23.417 [Test worker] INFO org.springframework.boot.test.context.SpringBootTestContextBootstrapper - Neither @ContextConfiguration nor @ContextHierarchy found for test class [com.postwork_dw_java_f2_m2_e8.repository.CursoRepositoryTest], using SpringBootContextLoader
23:54:23.426 [Test worker] DEBUG org.springframework.test.context.support.AbstractContextLoader - Did not detect default resource location for test class [com.postwork_dw_java_f2_m2_e8.repository.CursoRepositoryTest]: class path resource [com/postwork_dw_java_f2_m2_e8/repository/CursoRepositoryTest-context.xml] does not exist
23:54:23.427 [Test worker] DEBUG org.springframework.test.context.support.AbstractContextLoader - Did not detect default resource location for test class [com.postwork_dw_java_f2_m2_e8.repository.CursoRepositoryTest]: class path resource [com/postwork_dw_java_f2_m2_e8/repository/CursoRepositoryTestContext.groovy] does not exist
23:54:23.427 [Test worker] INFO org.springframework.test.context.support.AbstractContextLoader - Could not detect default resource locations for test class [com.postwork_dw_java_f2_m2_e8.repository.CursoRepositoryTest]: no resource found for suffixes {-context.xml, Context.groovy}.
23:54:23.428 [Test worker] INFO org.springframework.test.context.support.AnnotationConfigContextLoaderUtils - Could not detect default configuration classes for test class [com.postwork_dw_java_f2_m2_e8.repository.CursoRepositoryTest]: CursoRepositoryTest does not declare any static, non-private, non-final, nested classes annotated with @Configuration.
23:54:23.521 [Test worker] DEBUG org.springframework.test.context.support.ActiveProfilesUtils - Could not find an 'annotation declaring class' for annotation type [org.springframework.test.context.ActiveProfiles] and class [com.postwork_dw_java_f2_m2_e8.repository.CursoRepositoryTest]
23:54:23.620 [Test worker] DEBUG org.springframework.context.annotation.ClassPathScanningCandidateComponentProvider - Identified candidate component class: file [/home/edgar/Downloads/Postwork_DW_Java_F2_M2_E8/build/classes/java/main/com/postwork_dw_java_f2_m2_e8/PostworkDwJavaF2M2E8Application.class]
23:54:23.624 [Test worker] INFO org.springframework.boot.test.context.SpringBootTestContextBootstrapper - Found @SpringBootConfiguration com.postwork_dw_java_f2_m2_e8.PostworkDwJavaF2M2E8Application for test class com.postwork_dw_java_f2_m2_e8.repository.CursoRepositoryTest
23:54:23.815 [Test worker] DEBUG org.springframework.boot.test.context.SpringBootTestContextBootstrapper - @TestExecutionListeners is not present for class [com.postwork_dw_java_f2_m2_e8.repository.CursoRepositoryTest]: using defaults.
23:54:23.817 [Test worker] INFO org.springframework.boot.test.context.SpringBootTestContextBootstrapper - Loaded default TestExecutionListener class names from location [META-INF/spring.factories]: [org.springframework.boot.test.autoconfigure.restdocs.RestDocsTestExecutionListener, org.springframework.boot.test.autoconfigure.web.client.MockRestServiceServerResetTestExecutionListener, org.springframework.boot.test.autoconfigure.web.servlet.MockMvcPrintOnlyOnFailureTestExecutionListener, org.springframework.boot.test.autoconfigure.web.servlet.WebDriverTestExecutionListener, org.springframework.boot.test.autoconfigure.webservices.client.MockWebServiceServerTestExecutionListener, org.springframework.boot.test.mock.mockito.MockitoTestExecutionListener, org.springframework.boot.test.mock.mockito.ResetMocksTestExecutionListener, org.springframework.test.context.web.ServletTestExecutionListener, org.springframework.test.context.support.DirtiesContextBeforeModesTestExecutionListener, org.springframework.test.context.event.ApplicationEventsTestExecutionListener, org.springframework.test.context.support.DependencyInjectionTestExecutionListener, org.springframework.test.context.support.DirtiesContextTestExecutionListener, org.springframework.test.context.transaction.TransactionalTestExecutionListener, org.springframework.test.context.jdbc.SqlScriptsTestExecutionListener, org.springframework.test.context.event.EventPublishingTestExecutionListener]
23:54:23.849 [Test worker] INFO org.springframework.boot.test.context.SpringBootTestContextBootstrapper - Using TestExecutionListeners: [org.springframework.test.context.web.ServletTestExecutionListener@433ffad1, org.springframework.test.context.support.DirtiesContextBeforeModesTestExecutionListener@1fc793c2, org.springframework.test.context.event.ApplicationEventsTestExecutionListener@2575f671, org.springframework.boot.test.mock.mockito.MockitoTestExecutionListener@329a1243, org.springframework.boot.test.autoconfigure.SpringBootDependencyInjectionTestExecutionListener@ecf9fb3, org.springframework.test.context.support.DirtiesContextTestExecutionListener@2d35442b, org.springframework.test.context.transaction.TransactionalTestExecutionListener@27f9e982, org.springframework.test.context.jdbc.SqlScriptsTestExecutionListener@4593ff34, org.springframework.test.context.event.EventPublishingTestExecutionListener@37d3d232, org.springframework.boot.test.autoconfigure.restdocs.RestDocsTestExecutionListener@30c0ccff, org.springframework.boot.test.autoconfigure.web.client.MockRestServiceServerResetTestExecutionListener@581d969c, org.springframework.boot.test.autoconfigure.web.servlet.MockMvcPrintOnlyOnFailureTestExecutionListener@22db8f4, org.springframework.boot.test.autoconfigure.web.servlet.WebDriverTestExecutionListener@2b46a8c1, org.springframework.boot.test.autoconfigure.webservices.client.MockWebServiceServerTestExecutionListener@1d572e62, org.springframework.boot.test.mock.mockito.ResetMocksTestExecutionListener@29caf222]

  .   ____          _            __ _ _
 /\\ / ___'_ __ _ _(_)_ __  __ _ \ \ \ \
( ( )\___ | '_ | '_| | '_ \/ _` | \ \ \ \
 \\/  ___)| |_)| | | | | || (_| |  ) ) ) )
  '  |____| .__|_| |_|_| |_\__, | / / / /
 =========|_|==============|___/=/_/_/_/
 :: Spring Boot ::               (v2.7.11)

2023-04-30 23:54:24.544  INFO 11389 --- [    Test worker] c.p.repository.CursoRepositoryTest       : Starting CursoRepositoryTest using Java 11.0.16.1 on edgar-lenovo with PID 11389 (started by edgar in /home/edgar/Downloads/Postwork_DW_Java_F2_M2_E8)
2023-04-30 23:54:24.547  INFO 11389 --- [    Test worker] c.p.repository.CursoRepositoryTest       : No active profile set, falling back to 1 default profile: "default"
2023-04-30 23:54:25.995  INFO 11389 --- [    Test worker] .s.d.r.c.RepositoryConfigurationDelegate : Bootstrapping Spring Data JPA repositories in DEFAULT mode.
2023-04-30 23:54:26.080  INFO 11389 --- [    Test worker] .s.d.r.c.RepositoryConfigurationDelegate : Finished Spring Data repository scanning in 67 ms. Found 3 JPA repository interfaces.
2023-04-30 23:54:27.093  INFO 11389 --- [    Test worker] com.zaxxer.hikari.HikariDataSource       : HikariPool-1 - Starting...
2023-04-30 23:54:27.845  INFO 11389 --- [    Test worker] com.zaxxer.hikari.HikariDataSource       : HikariPool-1 - Start completed.
2023-04-30 23:54:27.979  INFO 11389 --- [    Test worker] o.hibernate.jpa.internal.util.LogHelper  : HHH000204: Processing PersistenceUnitInfo [name: default]
2023-04-30 23:54:28.132  INFO 11389 --- [    Test worker] org.hibernate.Version                    : HHH000412: Hibernate ORM core version 5.6.15.Final
2023-04-30 23:54:28.676  INFO 11389 --- [    Test worker] o.hibernate.annotations.common.Version   : HCANN000001: Hibernate Commons Annotations {5.1.2.Final}
2023-04-30 23:54:28.881  INFO 11389 --- [    Test worker] org.hibernate.dialect.Dialect            : HHH000400: Using dialect: org.hibernate.dialect.MySQL8Dialect
2023-04-30 23:54:29.917  INFO 11389 --- [    Test worker] o.h.e.t.j.p.i.JtaPlatformInitiator       : HHH000490: Using JtaPlatform implementation: [org.hibernate.engine.transaction.jta.platform.internal.NoJtaPlatform]
2023-04-30 23:54:29.953  INFO 11389 --- [    Test worker] j.LocalContainerEntityManagerFactoryBean : Initialized JPA EntityManagerFactory for persistence unit 'default'
2023-04-30 23:54:30.391  WARN 11389 --- [    Test worker] JpaBaseConfiguration$JpaWebConfiguration : spring.jpa.open-in-view is enabled by default. Therefore, database queries may be performed during view rendering. Explicitly configure spring.jpa.open-in-view to disable this warning
2023-04-30 23:54:31.846  INFO 11389 --- [    Test worker] c.p.repository.CursoRepositoryTest       : Started CursoRepositoryTest in 7.9 seconds (JVM running for 10.291)
]]></system-out>
  <system-err><![CDATA[]]></system-err>
</testsuite>
